0 info it worked if it ends with ok
1 verbose cli [ '/Users/user/.nvm/versions/node/v6.14.4/bin/node',
1 verbose cli   '/Users/user/.nvm/versions/node/v6.14.4/bin/npm',
1 verbose cli   'run',
1 verbose cli   'build:example' ]
2 info using npm@3.10.10
3 info using node@v6.14.4
4 verbose run-script [ 'prebuild:example', 'build:example', 'postbuild:example' ]
5 info lifecycle boardy@1.0.0~prebuild:example: boardy@1.0.0
6 silly lifecycle boardy@1.0.0~prebuild:example: no script for prebuild:example, continuing
7 info lifecycle boardy@1.0.0~build:example: boardy@1.0.0
8 verbose lifecycle boardy@1.0.0~build:example: unsafe-perm in lifecycle true
9 verbose lifecycle boardy@1.0.0~build:example: PATH: /Users/user/.nvm/versions/node/v6.14.4/lib/node_modules/npm/bin/node-gyp-bin:/Users/user/load0ne/boardy/node_modules/.bin:/Users/user/.nvm/versions/node/v6.14.4/bin:/usr/local/bin:/usr/bin:/bin:/usr/sbin:/sbin
10 verbose lifecycle boardy@1.0.0~build:example: CWD: /Users/user/load0ne/boardy
11 silly lifecycle boardy@1.0.0~build:example: Args: [ '-c', 'NODE_ENV=example webpack' ]
12 silly lifecycle boardy@1.0.0~build:example: Returned: code: 1  signal: null
13 info lifecycle boardy@1.0.0~build:example: Failed to exec build:example script
14 verbose stack Error: boardy@1.0.0 build:example: `NODE_ENV=example webpack`
14 verbose stack Exit status 1
14 verbose stack     at EventEmitter.<anonymous> (/Users/user/.nvm/versions/node/v6.14.4/lib/node_modules/npm/lib/utils/lifecycle.js:255:16)
14 verbose stack     at emitTwo (events.js:106:13)
14 verbose stack     at EventEmitter.emit (events.js:191:7)
14 verbose stack     at ChildProcess.<anonymous> (/Users/user/.nvm/versions/node/v6.14.4/lib/node_modules/npm/lib/utils/spawn.js:40:14)
14 verbose stack     at emitTwo (events.js:106:13)
14 verbose stack     at ChildProcess.emit (events.js:191:7)
14 verbose stack     at maybeClose (internal/child_process.js:920:16)
14 verbose stack     at Process.ChildProcess._handle.onexit (internal/child_process.js:230:5)
15 verbose pkgid boardy@1.0.0
16 verbose cwd /Users/user/load0ne/boardy
17 error Darwin 19.4.0
18 error argv "/Users/user/.nvm/versions/node/v6.14.4/bin/node" "/Users/user/.nvm/versions/node/v6.14.4/bin/npm" "run" "build:example"
19 error node v6.14.4
20 error npm  v3.10.10
21 error code ELIFECYCLE
22 error boardy@1.0.0 build:example: `NODE_ENV=example webpack`
22 error Exit status 1
23 error Failed at the boardy@1.0.0 build:example script 'NODE_ENV=example webpack'.
23 error Make sure you have the latest version of node.js and npm installed.
23 error If you do, this is most likely a problem with the boardy package,
23 error not with npm itself.
23 error Tell the author that this fails on your system:
23 error     NODE_ENV=example webpack
23 error You can get information on how to open an issue for this project with:
23 error     npm bugs boardy
23 error Or if that isn't available, you can get their info via:
23 error     npm owner ls boardy
23 error There is likely additional logging output above.
24 verbose exit [ 1, true ]
